<?xml version="1.0" encoding="UTF-8"?>
<!-- Generated by org.testng.reporters.JUnitReportReporter -->
<testsuite hostname="LAPTOP-K70PURC8" failures="0" tests="1" name="testCases.TC_001_AccountRegistrationTest" time="1.401" errors="0" timestamp="2023-04-29T07:01:38 IST" skipped="0">
  <testcase classname="testCases.TC_001_AccountRegistrationTest" name="test_Account_Registration" time="1.401"/>
  <system-out/>
</testsuite> <!-- testCases.TC_001_AccountRegistrationTest -->
